<?xml version="1.0" encoding="UTF-8"?>
<!-- Generated by org.testng.reporters.JUnitXMLReporter -->
<testsuite ignored="0" hostname="DESKTOP-GS2VBFK" failures="0" tests="3" name="Default test" time="101.293" errors="0" timestamp="2025-03-20T16:58:47 IST">
  <testcase classname="core.testCases.TC001_LoginPage" name="verifyLogin" time="3.718"/>
  <testcase classname="core.testCases.TC002_HSIMHomePage" name="runLoopTest" time="74.712"/>
  <testcase classname="core.testCases.TC002_HSIMHomePage" name="runLoopTest" time="10.063"/>
</testsuite> <!-- Default test -->
