<?xml version="1.0" encoding="UTF-8"?>
<!-- Generated by org.testng.reporters.JUnitXMLReporter -->
<testsuite ignored="0" hostname="DESKTOP-VJSRHEQ" failures="2" tests="7" name="Test" time="16.813" errors="0" timestamp="2025-03-28T13:45:05 IST">
  <testcase classname="core.testCases.TC_022HSIMModifyPage" name="modifyStart" time="0.0">
    <failure type="org.testng.TestNGException" message="
Cannot inject @Test annotated Method [modifyStart] with [class java.lang.String, class java.lang.String, class java.lang.String, class java.lang.String, class java.lang.String].
For more information on native dependency injection please refer to https://testng.org/#_dependency_injection">
      <![CDATA[org.testng.TestNGException: 
Cannot inject @Test annotated Method [modifyStart] with [class java.lang.String, class java.lang.String, class java.lang.String, class java.lang.String, class java.lang.String].
For more information on native dependency injection please refer to https://testng.org/#_dependency_injection
at java.base/java.util.ArrayList.forEach(ArrayList.java:1511)
... Removed 26 stack frames]]>
    </failure>
  </testcase> <!-- modifyStart -->
  <testcase classname="core.testCases.TC_021HSIMVerifyPage" name="VerifyStart" time="0.0">
    <failure type="org.testng.TestNGException" message="
Cannot inject @Test annotated Method [VerifyStart] with [class java.lang.String, class java.lang.String, class java.lang.String].
For more information on native dependency injection please refer to https://testng.org/#_dependency_injection">
      <![CDATA[org.testng.TestNGException: 
Cannot inject @Test annotated Method [VerifyStart] with [class java.lang.String, class java.lang.String, class java.lang.String].
For more information on native dependency injection please refer to https://testng.org/#_dependency_injection
at java.base/java.util.ArrayList.forEach(ArrayList.java:1511)
... Removed 26 stack frames]]>
    </failure>
  </testcase> <!-- VerifyStart -->
  <testcase classname="core.testCases.TC001_LoginPage" name="verifyLogin" time="1.583"/>
  <testcase classname="core.testCases.TC002_HSIMHomePage" name="runLoopTest" time="5.288"/>
  <testcase classname="core.testCases.TC002_HSIMHomePage" name="runLoopTest" time="0.01"/>
  <testcase classname="core.testCases.TC002_HSIMHomePage" name="runLoopTest" time="0.009"/>
  <testcase classname="core.testCases.TC002_HSIMHomePage" name="runLoopTest" time="0.002"/>
</testsuite> <!-- Test -->
