<?xml version="1.0" encoding="UTF-8"?>
<!-- Generated by org.testng.reporters.JUnitXMLReporter -->
<testsuite ignored="0" hostname="DESKTOP-GS2VBFK" failures="0" tests="3" name="Test" time="47.251" errors="0" timestamp="2025-03-19T10:36:10 IST">
  <testcase classname="core.testCases.TC001_LoginPage" name="verifyLogin" time="5.932"/>
  <testcase classname="core.testCases.TC002_HSIMHomePage" name="SelectFunction" time="7.417"/>
  <testcase classname="core.testCases.TC002_HSIMHomePage" name="SelectFunction" time="20.563"/>
</testsuite> <!-- Test -->
