<?xml version="1.0" encoding="UTF-8"?>
<!-- Generated by org.testng.reporters.JUnitXMLReporter -->
<testsuite ignored="0" hostname="DESKTOP-VJSRHEQ" failures="0" tests="5" name="Test" time="88.909" errors="0" timestamp="2025-03-26T14:35:31 IST">
  <testcase classname="core.testCases.TC001_LoginPage" name="verifyLogin" time="4.752"/>
  <testcase classname="core.testCases.TC002_HSIMHomePage" name="runLoopTest" time="10.035"/>
  <testcase classname="core.testCases.TC002_HSIMHomePage" name="runLoopTest" time="50.755"/>
  <testcase classname="core.testCases.TC002_HSIMHomePage" name="runLoopTest" time="10.117"/>
  <testcase classname="core.testCases.TC002_HSIMHomePage" name="runLoopTest" time="0.967"/>
</testsuite> <!-- Test -->
