<?xml version="1.0" encoding="UTF-8"?>
<testsuite xmlns:xsi="http://www.w3.org/2001/XMLSchema-instance" xsi:noNamespaceSchemaLocation="https://maven.apache.org/surefire/maven-surefire-plugin/xsd/surefire-test-report-3.0.xsd" version="3.0" name="TestSuite" time="38.091" tests="2" errors="0" skipped="0" failures="0">
  <properties>
[...]
</properties>
  <testcase name="verifyLogin[BBSSL4, bbssl@123, valid](1)" classname="core.testCases.TC001_LoginPage" time="3.755">
    <system-out><![CDATA[DEBUG StatusConsoleListener null null initializing configuration XmlConfiguration[location=C:\Users\sushanth\eclipse-workspace\core\target\test-classes\log4j2.xml]
DEBUG StatusConsoleListener PluginManager 'Core' found 131 plugins
DEBUG StatusConsoleListener PluginManager 'Level' found 0 plugins
DEBUG StatusConsoleListener Building Plugin[name=property, class=org.apache.logging.log4j.core.config.Property].
TRACE StatusConsoleListener TypeConverterRegistry initializing.
DEBUG StatusConsoleListener PluginManager 'TypeConverter' found 26 plugins
DEBUG StatusConsoleListener createProperty(name="log-path", value="./logs", Configuration(C:\Users\sushanth\eclipse-workspace\core\target\test-classes\log4j2.xml))
DEBUG StatusConsoleListener Building Plugin[name=property, class=org.apache.logging.log4j.core.config.Property].
DEBUG StatusConsoleListener createProperty(name="log-pattern", value="%d{yyyy-MM-dd HH:mm:ss} %-5p %c{1}:%L - %m%n", Configuration(C:\Users\sushanth\eclipse-workspace\core\target\test-classes\log4j2.xml))
DEBUG StatusConsoleListener Building Plugin[name=properties, class=org.apache.logging.log4j.core.config.PropertiesPlugin].
DEBUG StatusConsoleListener configureSubstitutor(={log-path=./logs, log-pattern=%d{yyyy-MM-dd HH:mm:ss} %-5p %c{1}:%L - %m%n}, Configuration(C:\Users\sushanth\eclipse-workspace\core\target\test-classes\log4j2.xml))
DEBUG StatusConsoleListener PluginManager 'Lookup' found 16 plugins
DEBUG StatusConsoleListener Building Plugin[name=layout, class=org.apache.logging.log4j.core.layout.PatternLayout].
DEBUG StatusConsoleListener PatternLayout$Builder(pattern="%d{yyyy-MM-dd HH:mm:ss} %-5p %c{1}:%L - %m%n", PatternSelector=null, Configuration(C:\Users\sushanth\eclipse-workspace\core\target\test-classes\log4j2.xml), Replace=null, charset="null", alwaysWriteExceptions="null", disableAnsi="null", noConsoleNoAnsi="null", header="null", footer="null")
DEBUG StatusConsoleListener PluginManager 'Converter' found 45 plugins
DEBUG StatusConsoleListener Building Plugin[name=appender, class=org.apache.logging.log4j.core.appender.ConsoleAppender].
DEBUG StatusConsoleListener ConsoleAppender$Builder(target="SYSTEM_OUT", follow="null", direct="null", bufferedIo="null", bufferSize="null", immediateFlush="null", ignoreExceptions="null", PatternLayout(%d{yyyy-MM-dd HH:mm:ss} %-5p %c{1}:%L - %m%n), name="Console", Configuration(C:\Users\sushanth\eclipse-workspace\core\target\test-classes\log4j2.xml), Filter=null, ={})
DEBUG StatusConsoleListener Starting OutputStreamManager SYSTEM_OUT.false.false
DEBUG StatusConsoleListener Building Plugin[name=layout, class=org.apache.logging.log4j.core.layout.PatternLayout].
DEBUG StatusConsoleListener PatternLayout$Builder(pattern="%d{yyyy-MM-dd HH:mm:ss} %-5p %c{1}:%L - %m%n", PatternSelector=null, Configuration(C:\Users\sushanth\eclipse-workspace\core\target\test-classes\log4j2.xml), Replace=null, charset="null", alwaysWriteExceptions="null", disableAnsi="null", noConsoleNoAnsi="null", header="null", footer="null")
DEBUG StatusConsoleListener Building Plugin[name=TimeBasedTriggeringPolicy, class=org.apache.logging.log4j.core.appender.rolling.TimeBasedTriggeringPolicy].
DEBUG StatusConsoleListener TimeBasedTriggeringPolicy$Builder(interval="null", modulate="null", maxRandomDelay="null")
DEBUG StatusConsoleListener Building Plugin[name=SizeBasedTriggeringPolicy, class=org.apache.logging.log4j.core.appender.rolling.SizeBasedTriggeringPolicy].
DEBUG StatusConsoleListener createPolicy(size="1MB")
DEBUG StatusConsoleListener Building Plugin[name=Policies, class=org.apache.logging.log4j.core.appender.rolling.CompositeTriggeringPolicy].
DEBUG StatusConsoleListener createPolicy(={TimeBasedTriggeringPolicy(nextRolloverMillis=0, interval=1, modulate=false), SizeBasedTriggeringPolicy(size=1048576)})
DEBUG StatusConsoleListener Building Plugin[name=DefaultRolloverStrategy, class=org.apache.logging.log4j.core.appender.rolling.DefaultRolloverStrategy].
DEBUG StatusConsoleListener DefaultRolloverStrategy$Builder(max="10", min="null", fileIndex="null", compressionLevel="null", ={}, stopCustomActionsOnError="null", tempCompressedFilePattern="null", Configuration(C:\Users\sushanth\eclipse-workspace\core\target\test-classes\log4j2.xml))
DEBUG StatusConsoleListener Building Plugin[name=appender, class=org.apache.logging.log4j.core.appender.RollingFileAppender].
DEBUG StatusConsoleListener RollingFileAppender$Builder(fileName="./logs/core-logs.log", filePattern="./logs/core-logs-%d{MM-dd-yyyy}-%i.log.gz", append="null", locking="null", Policies(CompositeTriggeringPolicy(policies=[TimeBasedTriggeringPolicy(nextRolloverMillis=0, interval=1, modulate=false), SizeBasedTriggeringPolicy(size=1048576)])), DefaultRolloverStrategy(DefaultRolloverStrategy(min=1, max=10, useMax=true)), advertise="null", advertiseUri="null", createOnDemand="null", filePermissions="null", fileOwner="null", fileGroup="null", bufferedIo="null", bufferSize="null", immediateFlush="null", ignoreExceptions="null", PatternLayout(%d{yyyy-MM-dd HH:mm:ss} %-5p %c{1}:%L - %m%n), name="File", Configuration(C:\Users\sushanth\eclipse-workspace\core\target\test-classes\log4j2.xml), Filter=null, ={})
TRACE StatusConsoleListener New file './logs/core-logs.log' created = false
DEBUG StatusConsoleListener Returning file creation time for C:\Users\sushanth\eclipse-workspace\core\.\logs\core-logs.log
DEBUG StatusConsoleListener Starting RollingFileManager ./logs/core-logs.log
DEBUG StatusConsoleListener PluginManager 'FileConverter' found 2 plugins
DEBUG StatusConsoleListener Setting prev file time to 2025-03-12T10:45:59.544+0530
DEBUG StatusConsoleListener Initializing triggering policy CompositeTriggeringPolicy(policies=[TimeBasedTriggeringPolicy(nextRolloverMillis=0, interval=1, modulate=false), SizeBasedTriggeringPolicy(size=1048576)])
DEBUG StatusConsoleListener Initializing triggering policy TimeBasedTriggeringPolicy(nextRolloverMillis=0, interval=1, modulate=false)
TRACE StatusConsoleListener PatternProcessor.getNextTime returning 2025/03/13-00:00:00.000, nextFileTime=2025/03/12-00:00:00.000, prevFileTime=1970/01/01-05:30:00.000, current=2025/03/12-11:25:28.439, freq=DAILY
TRACE StatusConsoleListener PatternProcessor.getNextTime returning 2025/03/13-00:00:00.000, nextFileTime=2025/03/12-00:00:00.000, prevFileTime=2025/03/12-00:00:00.000, current=2025/03/12-11:25:28.442, freq=DAILY
DEBUG StatusConsoleListener Initializing triggering policy SizeBasedTriggeringPolicy(size=1048576)
DEBUG StatusConsoleListener Building Plugin[name=appenders, class=org.apache.logging.log4j.core.config.AppendersPlugin].
DEBUG StatusConsoleListener createAppenders(={Console, File})
DEBUG StatusConsoleListener Building Plugin[name=AppenderRef, class=org.apache.logging.log4j.core.config.AppenderRef].
DEBUG StatusConsoleListener createAppenderRef(ref="File", level="null", Filter=null)
DEBUG StatusConsoleListener Building Plugin[name=logger, class=org.apache.logging.log4j.core.config.LoggerConfig].
DEBUG StatusConsoleListener LoggerConfig$Builder(additivity="false", level="DEBUG", levelAndRefs="null", name="core.testCases", includeLocation="null", ={File}, ={}, Configuration(C:\Users\sushanth\eclipse-workspace\core\target\test-classes\log4j2.xml), Filter=null)
DEBUG StatusConsoleListener Building Plugin[name=AppenderRef, class=org.apache.logging.log4j.core.config.AppenderRef].
DEBUG StatusConsoleListener createAppenderRef(ref="File", level="null", Filter=null)
DEBUG StatusConsoleListener Building Plugin[name=root, class=org.apache.logging.log4j.core.config.LoggerConfig$RootLogger].
DEBUG StatusConsoleListener LoggerConfig$RootLogger$Builder(additivity="null", level="DEBUG", levelAndRefs="null", includeLocation="null", ={File}, ={}, Configuration(C:\Users\sushanth\eclipse-workspace\core\target\test-classes\log4j2.xml), Filter=null)
DEBUG StatusConsoleListener Building Plugin[name=loggers, class=org.apache.logging.log4j.core.config.LoggersPlugin].
DEBUG StatusConsoleListener createLoggers(={core.testCases, root})
DEBUG StatusConsoleListener Configuration XmlConfiguration[location=C:\Users\sushanth\eclipse-workspace\core\target\test-classes\log4j2.xml] initialized
DEBUG StatusConsoleListener Starting configuration XmlConfiguration[location=C:\Users\sushanth\eclipse-workspace\core\target\test-classes\log4j2.xml]
DEBUG StatusConsoleListener Started configuration XmlConfiguration[location=C:\Users\sushanth\eclipse-workspace\core\target\test-classes\log4j2.xml] OK.
TRACE StatusConsoleListener Stopping org.apache.logging.log4j.core.config.DefaultConfiguration@7e0b85f9...
TRACE StatusConsoleListener DefaultConfiguration notified 1 ReliabilityStrategies that config will be stopped.
TRACE StatusConsoleListener DefaultConfiguration stopping root LoggerConfig.
TRACE StatusConsoleListener DefaultConfiguration notifying ReliabilityStrategies that appenders will be stopped.
TRACE StatusConsoleListener DefaultConfiguration stopping remaining Appenders.
DEBUG StatusConsoleListener Shutting down OutputStreamManager SYSTEM_OUT.false.false-1
DEBUG StatusConsoleListener OutputStream closed
DEBUG StatusConsoleListener Shut down OutputStreamManager SYSTEM_OUT.false.false-1, all resources released: true
DEBUG StatusConsoleListener Appender DefaultConsole-1 stopped with status true
TRACE StatusConsoleListener DefaultConfiguration stopped 1 remaining Appenders.
TRACE StatusConsoleListener DefaultConfiguration cleaning Appenders from 1 LoggerConfigs.
DEBUG StatusConsoleListener Stopped org.apache.logging.log4j.core.config.DefaultConfiguration@7e0b85f9 OK
TRACE StatusConsoleListener Reregistering MBeans after reconfigure. Selector=org.apache.logging.log4j.core.selector.ClassLoaderContextSelector@1169afe1
TRACE StatusConsoleListener Reregistering context (1/1): '73d16e93' org.apache.logging.log4j.core.LoggerContext@2ca26d77
TRACE StatusConsoleListener Unregistering but no MBeans found matching 'org.apache.logging.log4j2:type=73d16e93'
TRACE StatusConsoleListener Unregistering but no MBeans found matching 'org.apache.logging.log4j2:type=73d16e93,component=StatusLogger'
TRACE StatusConsoleListener Unregistering but no MBeans found matching 'org.apache.logging.log4j2:type=73d16e93,component=ContextSelector'
TRACE StatusConsoleListener Unregistering but no MBeans found matching 'org.apache.logging.log4j2:type=73d16e93,component=Loggers,name=*'
TRACE StatusConsoleListener Unregistering but no MBeans found matching 'org.apache.logging.log4j2:type=73d16e93,component=Appenders,name=*'
TRACE StatusConsoleListener Unregistering but no MBeans found matching 'org.apache.logging.log4j2:type=73d16e93,component=AsyncAppenders,name=*'
TRACE StatusConsoleListener Unregistering but no MBeans found matching 'org.apache.logging.log4j2:type=73d16e93,component=AsyncLoggerRingBuffer'
TRACE StatusConsoleListener Unregistering but no MBeans found matching 'org.apache.logging.log4j2:type=73d16e93,component=Loggers,name=*,subtype=RingBuffer'
DEBUG StatusConsoleListener Registering MBean org.apache.logging.log4j2:type=73d16e93
DEBUG StatusConsoleListener Registering MBean org.apache.logging.log4j2:type=73d16e93,component=StatusLogger
DEBUG StatusConsoleListener Registering MBean org.apache.logging.log4j2:type=73d16e93,component=ContextSelector
DEBUG StatusConsoleListener Registering MBean org.apache.logging.log4j2:type=73d16e93,component=Loggers,name=
DEBUG StatusConsoleListener Registering MBean org.apache.logging.log4j2:type=73d16e93,component=Loggers,name=core.testCases
DEBUG StatusConsoleListener Registering MBean org.apache.logging.log4j2:type=73d16e93,component=Appenders,name=Console
DEBUG StatusConsoleListener Registering MBean org.apache.logging.log4j2:type=73d16e93,component=Appenders,name=File
TRACE StatusConsoleListener Using default SystemClock for timestamps.
DEBUG StatusConsoleListener org.apache.logging.log4j.core.util.SystemClock supports precise timestamps.
TRACE StatusConsoleListener Using DummyNanoClock for nanosecond timestamps.
DEBUG StatusConsoleListener Reconfiguration complete for context[name=73d16e93] at URI C:\Users\sushanth\eclipse-workspace\core\target\test-classes\log4j2.xml (org.apache.logging.log4j.core.LoggerContext@2ca26d77) with optional ClassLoader: null
DEBUG StatusConsoleListener Shutdown hook enabled. Registering a new one.
DEBUG StatusConsoleListener LoggerContext[name=73d16e93, org.apache.logging.log4j.core.LoggerContext@2ca26d77] started OK.
TRACE StatusConsoleListener Log4jLoggerFactory.getContext() found anchor class org.testng.log4testng.Logger
TRACE StatusConsoleListener Log4jLoggerFactory.getContext() found anchor class org.testng.log4testng.Logger
TRACE StatusConsoleListener Log4jLoggerFactory.getContext() found anchor class org.testng.log4testng.Logger
TRACE StatusConsoleListener Log4jLoggerFactory.getContext() found anchor class org.testng.log4testng.Logger
TRACE StatusConsoleListener Log4jLoggerFactory.getContext() found anchor class org.testng.log4testng.Logger
https://jkfin10uat.jkscb.in:41000/fininfra/ui/SSOLogin.jsp
WebDriver initialized. Session ID: d917fd7df3d638fec716b3e92a16c53c
NameSheet1
Columns1
Session ID in verifyLogin: d917fd7df3d638fec716b3e92a16c53c
unameBBSSL4
Entered HomepageCoreServer
Dropdown[[EdgeDriver: MicrosoftEdge on windows (d917fd7df3d638fec716b3e92a16c53c)] -> id: appSelect]
Alert text: Are you sure you want to change the solution?
]]></system-out>
    <system-err><![CDATA[Mar 12, 2025 11:25:37 AM org.openqa.selenium.devtools.CdpVersionFinder findNearestMatch
WARNING: Unable to find an exact match for CDP version 134, returning the closest version; found: 132; Please update to a Selenium version that supports CDP version 134
]]></system-err>
  </testcase>
  <testcase name="SelectFunction" classname="core.testCases.TC002_HSIMHomePage" time="14.119">
    <system-out><![CDATA[Reusing existing WebDriver. Session ID: d917fd7df3d638fec716b3e92a16c53c
Session ID in HSIM: d917fd7df3d638fec716b3e92a16c53c
Iframe ID: 
Iframe Name: CoreServer
Iframe Src: https://jkfin10uat.jkscb.in:41000/finbranch/index.jsp
Iframe ID: 
Iframe Name: Fininfra
Iframe Src: https://jkfin10uat.jkscb.in:41000/fininfra/SSOAdmin
dropdownOption[[EdgeDriver: MicrosoftEdge on windows (d917fd7df3d638fec716b3e92a16c53c)] -> xpath: //select[@id='funcCode']]
CIF ID
Frame Element[[EdgeDriver: MicrosoftEdge on windows (d917fd7df3d638fec716b3e92a16c53c)] -> xpath: //input[@name='Ok']]
Submit Button[[EdgeDriver: MicrosoftEdge on windows (d917fd7df3d638fec716b3e92a16c53c)] -> xpath: //input[@name='Ok']]
Submit Button[[EdgeDriver: MicrosoftEdge on windows (d917fd7df3d638fec716b3e92a16c53c)] -> xpath: //a[@hotkeyid='100' and contains (@id,'0')]]
]]></system-out>
  </testcase>
</testsuite>