<?xml version="1.0" encoding="UTF-8"?>
<testsuite xmlns:xsi="http://www.w3.org/2001/XMLSchema-instance" xsi:noNamespaceSchemaLocation="https://maven.apache.org/surefire/maven-surefire-plugin/xsd/surefire-test-report-3.0.xsd" version="3.0" name="TestSuite" time="90.218" tests="5" errors="0" skipped="0" failures="0">
  <properties>
[...]
</properties>
  <testcase name="verifyLogin[BBSSL92, bbssl@123, valid](1)" classname="core.testCases.TC001_LoginPage" time="4.755">
    <system-out><![CDATA[2025-03-26T09:04:03.713834200Z main DEBUG Apache Log4j Core 2.24 initializing configuration XmlConfiguration[location=D:\core\target\test-classes\log4j2.xml, lastModified=2025-03-06T21:24:49Z]
2025-03-26T09:04:03.717837200Z main DEBUG PluginManager 'Core' found 131 plugins
2025-03-26T09:04:03.717837200Z main DEBUG PluginManager 'Level' found 0 plugins
2025-03-26T09:04:03.725833600Z main DEBUG Building Plugin[name=Property, class=org.apache.logging.log4j.core.config.Property].
2025-03-26T09:04:03.774831300Z main TRACE TypeConverterRegistry initializing.
2025-03-26T09:04:03.775841700Z main DEBUG PluginManager 'TypeConverter' found 26 plugins
2025-03-26T09:04:03.799835100Z main DEBUG createProperty(name="log-path", value="./logs", Configuration(D:\core\target\test-classes\log4j2.xml))
2025-03-26T09:04:03.802842900Z main DEBUG Building Plugin[name=Property, class=org.apache.logging.log4j.core.config.Property].
2025-03-26T09:04:03.802842900Z main DEBUG createProperty(name="log-pattern", value="%d{yyyy-MM-dd HH:mm:ss} %-5p %c{1}:%L - %m%n", Configuration(D:\core\target\test-classes\log4j2.xml))
2025-03-26T09:04:03.803835500Z main DEBUG Building Plugin[name=Properties, class=org.apache.logging.log4j.core.config.PropertiesPlugin].
2025-03-26T09:04:03.809836100Z main DEBUG configureSubstitutor(={log-path=./logs, log-pattern=%d{yyyy-MM-dd HH:mm:ss} %-5p %c{1}:%L - %m%n}, Configuration(D:\core\target\test-classes\log4j2.xml))
2025-03-26T09:04:03.812835600Z main DEBUG PluginManager 'Lookup' found 16 plugins
2025-03-26T09:04:03.812835600Z main DEBUG Building Plugin[name=layout, class=org.apache.logging.log4j.core.layout.PatternLayout].
2025-03-26T09:04:03.836313900Z main DEBUG PatternLayout$Builder(pattern="%d{yyyy-MM-dd HH:mm:ss} %-5p %c{1}:%L - %m%n", PatternSelector=null, Configuration(D:\core\target\test-classes\log4j2.xml), Replace=null, charset="null", alwaysWriteExceptions="null", disableAnsi="null", noConsoleNoAnsi="null", header="null", footer="null")
2025-03-26T09:04:03.837314300Z main DEBUG PluginManager 'Converter' found 45 plugins
2025-03-26T09:04:03.845314600Z main DEBUG Building Plugin[name=appender, class=org.apache.logging.log4j.core.appender.ConsoleAppender].
2025-03-26T09:04:03.864320300Z main DEBUG ConsoleAppender$Builder(target="SYSTEM_OUT", follow="null", direct="null", bufferedIo="null", bufferSize="null", immediateFlush="null", ignoreExceptions="null", PatternLayout(%d{yyyy-MM-dd HH:mm:ss} %-5p %c{1}:%L - %m%n), name="Console", Configuration(D:\core\target\test-classes\log4j2.xml), Filter=null, ={})
2025-03-26T09:04:03.868319Z main DEBUG Starting OutputStreamManager SYSTEM_OUT.false.false
2025-03-26T09:04:03.868319Z main DEBUG Building Plugin[name=layout, class=org.apache.logging.log4j.core.layout.PatternLayout].
2025-03-26T09:04:03.870315100Z main DEBUG PatternLayout$Builder(pattern="%d{yyyy-MM-dd HH:mm:ss} %-5p %c{1}:%L - %m%n", PatternSelector=null, Configuration(D:\core\target\test-classes\log4j2.xml), Replace=null, charset="null", alwaysWriteExceptions="null", disableAnsi="null", noConsoleNoAnsi="null", header="null", footer="null")
2025-03-26T09:04:03.871315700Z main DEBUG Building Plugin[name=TimeBasedTriggeringPolicy, class=org.apache.logging.log4j.core.appender.rolling.TimeBasedTriggeringPolicy].
2025-03-26T09:04:03.876314500Z main DEBUG TimeBasedTriggeringPolicy$Builder(interval="null", modulate="null", maxRandomDelay="null")
2025-03-26T09:04:03.877316600Z main DEBUG Building Plugin[name=SizeBasedTriggeringPolicy, class=org.apache.logging.log4j.core.appender.rolling.SizeBasedTriggeringPolicy].
2025-03-26T09:04:03.878313100Z main DEBUG createPolicy(size="1MB")
2025-03-26T09:04:03.884314600Z main DEBUG Building Plugin[name=Policies, class=org.apache.logging.log4j.core.appender.rolling.CompositeTriggeringPolicy].
2025-03-26T09:04:03.885319400Z main DEBUG createPolicy(={TimeBasedTriggeringPolicy(nextRolloverMillis=0, interval=1, modulate=false), SizeBasedTriggeringPolicy(size=1048576)})
2025-03-26T09:04:03.886318600Z main DEBUG Building Plugin[name=DefaultRolloverStrategy, class=org.apache.logging.log4j.core.appender.rolling.DefaultRolloverStrategy].
2025-03-26T09:04:03.901311400Z main DEBUG DefaultRolloverStrategy$Builder(max="10", min="null", fileIndex="null", compressionLevel="null", ={}, stopCustomActionsOnError="null", tempCompressedFilePattern="null", Configuration(D:\core\target\test-classes\log4j2.xml))
2025-03-26T09:04:03.901311400Z main DEBUG Building Plugin[name=appender, class=org.apache.logging.log4j.core.appender.RollingFileAppender].
2025-03-26T09:04:03.911314900Z main DEBUG RollingFileAppender$Builder(fileName="./logs/core-logs.log", filePattern="./logs/core-logs-%d{MM-dd-yyyy}-%i.log.gz", append="null", locking="null", Policies(CompositeTriggeringPolicy(policies=[TimeBasedTriggeringPolicy(nextRolloverMillis=0, interval=1, modulate=false), SizeBasedTriggeringPolicy(size=1048576)])), DefaultRolloverStrategy(DefaultRolloverStrategy(min=1, max=10, useMax=true)), advertise="null", advertiseUri="null", createOnDemand="null", filePermissions="null", fileOwner="null", fileGroup="null", bufferedIo="null", bufferSize="null", immediateFlush="null", ignoreExceptions="null", PatternLayout(%d{yyyy-MM-dd HH:mm:ss} %-5p %c{1}:%L - %m%n), name="File", Configuration(D:\core\target\test-classes\log4j2.xml), Filter=null, ={})
2025-03-26T09:04:03.920316Z main TRACE New file './logs/core-logs.log' created = false
2025-03-26T09:04:03.922316400Z main DEBUG Returning file creation time for D:\core\.\logs\core-logs.log
2025-03-26T09:04:03.923317300Z main DEBUG Starting RollingFileManager ./logs/core-logs.log
2025-03-26T09:04:03.926311300Z main DEBUG PluginManager 'FileConverter' found 2 plugins
2025-03-26T09:04:03.933312Z main DEBUG Setting prev file time to 2025-03-26T12:45:37.055+0530
2025-03-26T09:04:03.933312Z main DEBUG Initializing triggering policy CompositeTriggeringPolicy(policies=[TimeBasedTriggeringPolicy(nextRolloverMillis=0, interval=1, modulate=false), SizeBasedTriggeringPolicy(size=1048576)])
2025-03-26T09:04:03.934316800Z main DEBUG Initializing triggering policy TimeBasedTriggeringPolicy(nextRolloverMillis=0, interval=1, modulate=false)
2025-03-26T09:04:03.936317400Z main TRACE PatternProcessor.getNextTime returning 2025/03/27-00:00:00.000, nextFileTime=2025/03/26-00:00:00.000, prevFileTime=1970/01/01-05:30:00.000, current=2025/03/26-14:34:03.936, freq=DAILY
2025-03-26T09:04:03.938311800Z main TRACE PatternProcessor.getNextTime returning 2025/03/27-00:00:00.000, nextFileTime=2025/03/26-00:00:00.000, prevFileTime=2025/03/26-00:00:00.000, current=2025/03/26-14:34:03.937, freq=DAILY
2025-03-26T09:04:03.938311800Z main DEBUG Initializing triggering policy SizeBasedTriggeringPolicy(size=1048576)
2025-03-26T09:04:03.938311800Z main DEBUG Building Plugin[name=Appenders, class=org.apache.logging.log4j.core.config.AppendersPlugin].
2025-03-26T09:04:03.939311400Z main DEBUG createAppenders(={Console, File})
2025-03-26T09:04:03.939311400Z main DEBUG Building Plugin[name=AppenderRef, class=org.apache.logging.log4j.core.config.AppenderRef].
2025-03-26T09:04:03.940317700Z main DEBUG createAppenderRef(ref="File", level="null", Filter=null)
2025-03-26T09:04:03.942319200Z main DEBUG Building Plugin[name=Logger, class=org.apache.logging.log4j.core.config.LoggerConfig].
2025-03-26T09:04:03.951310900Z main DEBUG LoggerConfig$Builder(additivity="false", level="DEBUG", levelAndRefs="null", name="core.testCases", includeLocation="null", ={File}, ={}, Configuration(D:\core\target\test-classes\log4j2.xml), Filter=null)
2025-03-26T09:04:03.956315100Z main DEBUG Building Plugin[name=AppenderRef, class=org.apache.logging.log4j.core.config.AppenderRef].
2025-03-26T09:04:03.957319600Z main DEBUG createAppenderRef(ref="File", level="null", Filter=null)
2025-03-26T09:04:03.957319600Z main DEBUG Building Plugin[name=Root, class=org.apache.logging.log4j.core.config.LoggerConfig$RootLogger].
2025-03-26T09:04:03.962317400Z main DEBUG LoggerConfig$RootLogger$Builder(additivity="null", level="DEBUG", levelAndRefs="null", includeLocation="null", ={File}, ={}, Configuration(D:\core\target\test-classes\log4j2.xml), Filter=null)
2025-03-26T09:04:03.963318600Z main DEBUG Building Plugin[name=Loggers, class=org.apache.logging.log4j.core.config.LoggersPlugin].
2025-03-26T09:04:03.964315500Z main DEBUG createLoggers(={core.testCases, root})
2025-03-26T09:04:03.966319900Z main DEBUG Configuration XmlConfiguration[location=D:\core\target\test-classes\log4j2.xml, lastModified=2025-03-06T21:24:49Z] initialized
2025-03-26T09:04:03.966319900Z main INFO Starting configuration XmlConfiguration[location=D:\core\target\test-classes\log4j2.xml, lastModified=2025-03-06T21:24:49Z]...
2025-03-26T09:04:03.966319900Z main INFO Start watching for changes to D:\core\target\test-classes\log4j2.xml every 0 seconds
2025-03-26T09:04:03.967312900Z main INFO Configuration XmlConfiguration[location=D:\core\target\test-classes\log4j2.xml, lastModified=2025-03-06T21:24:49Z] started.
2025-03-26T09:04:03.969315600Z main INFO Stopping configuration org.apache.logging.log4j.core.config.DefaultConfiguration@3e62d773...
2025-03-26T09:04:03.969315600Z main TRACE DefaultConfiguration notified 1 ReliabilityStrategies that config will be stopped.
2025-03-26T09:04:03.970316300Z main TRACE DefaultConfiguration stopping root LoggerConfig.
2025-03-26T09:04:03.970316300Z main TRACE DefaultConfiguration notifying ReliabilityStrategies that appenders will be stopped.
2025-03-26T09:04:03.971315200Z main TRACE DefaultConfiguration stopping remaining Appenders.
2025-03-26T09:04:03.971315200Z main DEBUG Shutting down OutputStreamManager SYSTEM_OUT.false.false-1
2025-03-26T09:04:03.972319900Z main DEBUG OutputStream closed
2025-03-26T09:04:03.972319900Z main DEBUG Shut down OutputStreamManager SYSTEM_OUT.false.false-1, all resources released: true
2025-03-26T09:04:03.972319900Z main DEBUG Appender DefaultConsole-1 stopped with status true
2025-03-26T09:04:03.972319900Z main TRACE DefaultConfiguration stopped 1 remaining Appenders.
2025-03-26T09:04:03.973317Z main TRACE DefaultConfiguration cleaning Appenders from 1 LoggerConfigs.
2025-03-26T09:04:03.973317Z main INFO Configuration org.apache.logging.log4j.core.config.DefaultConfiguration@3e62d773 stopped.
2025-03-26T09:04:03.977312800Z main TRACE Using default SystemClock for timestamps.
2025-03-26T09:04:03.977312800Z main DEBUG org.apache.logging.log4j.core.util.SystemClock supports precise timestamps.
2025-03-26T09:04:03.978318400Z main TRACE Using DummyNanoClock for nanosecond timestamps.
2025-03-26T09:04:03.978318400Z main DEBUG Reconfiguration complete for context[name=70dea4e] at URI D:\core\target\test-classes\log4j2.xml (org.apache.logging.log4j.core.LoggerContext@19835e64) with optional ClassLoader: null
2025-03-26T09:04:03.979311Z main DEBUG Shutdown hook enabled. Registering a new one.
2025-03-26T09:04:03.981312600Z main DEBUG LoggerContext[name=70dea4e, org.apache.logging.log4j.core.LoggerContext@19835e64] started OK.
https://bbssl19.bbssl.com:33333/fininfra/ui/SSOLogin.jsp
WebDriver initialized. Session ID: 3b86003791064faf610d4c0453bd9e5a
NameSheet1
Columns1
Session ID in verifyLogin: 3b86003791064faf610d4c0453bd9e5a
unameBBSSL92
Entered HomepageCoreServer
Dropdown[[EdgeDriver: MicrosoftEdge on windows (3b86003791064faf610d4c0453bd9e5a)] -> id: appSelect]
Alert text: Are you sure you want to change the solution?
]]></system-out>
    <system-err><![CDATA[SLF4J: Failed to load class "org.slf4j.impl.StaticLoggerBinder".
SLF4J: Defaulting to no-operation (NOP) logger implementation
SLF4J: See http://www.slf4j.org/codes.html#StaticLoggerBinder for further details.
Mar 26, 2025 2:34:08 PM org.openqa.selenium.devtools.CdpVersionFinder findNearestMatch
WARNING: Unable to find an exact match for CDP version 134, returning the closest version; found: 132; Please update to a Selenium version that supports CDP version 134
]]></system-err>
  </testcase>
  <testcase name="runLoopTest[HSIM, [Ljava.lang.String;@36681447](1)" classname="core.testCases.TC002_HSIMHomePage" time="10.032">
    <system-out><![CDATA[Reusing existing WebDriver. Session ID: 3b86003791064faf610d4c0453bd9e5a
NameSheet1
Columns HSIM4
Entered switchM
Verify Started
Session ID in HSIM: HSIM
FunctionalM
uname
no such element: Unable to locate element: {"method":"xpath","selector":"//input[@name='usertxt']"}
  (Session info: MicrosoftEdge=134.0.3124.85)
For documentation on this error, please visit: https://www.selenium.dev/documentation/webdriver/troubleshooting/errors#no-such-element-exception
Build info: version: '4.28.1', revision: '73f5ad48a2'
System info: os.name: 'Windows 11', os.arch: 'amd64', os.version: '10.0', java.version: '21.0.6'
Driver info: org.openqa.selenium.edge.EdgeDriver
Command: [3b86003791064faf610d4c0453bd9e5a, findElement {using=xpath, value=//input[@name='usertxt']}]
Capabilities {acceptInsecureCerts: false, browserName: MicrosoftEdge, browserVersion: 134.0.3124.85, fedcm:accounts: true, ms:edgeOptions: {debuggerAddress: localhost:52671}, msedge: {msedgedriverVersion: 134.0.3124.85 (4b32110e83d3..., userDataDir: C:\Users\Sushanth\AppData\L...}, networkConnectionEnabled: false, pageLoadStrategy: normal, platformName: windows, proxy: Proxy(), se:cdp: ws://localhost:52671/devtoo..., se:cdpVersion: 134.0.3124.85, setWindowRect: true, strictFileInteractability: false, timeouts: {implicit: 0, pageLoad: 300000, script: 30000}, unhandledPromptBehavior: dismiss and notify, webauthn:extension:credBlob: true, webauthn:extension:largeBlob: true, webauthn:extension:minPinLength: true, webauthn:extension:prf: true, webauthn:virtualAuthenticators: true}
Session ID: 3b86003791064faf610d4c0453bd9e5a
]]></system-out>
  </testcase>
  <testcase name="runLoopTest[HSIM, [Ljava.lang.String;@12e0f1cb](2)" classname="core.testCases.TC002_HSIMHomePage" time="50.763">
    <system-out><![CDATA[Entered switchA
Menu NameHSIM
FunctionfuncCodeA
Inside driver switch
Drop option and IDfuncCodeA
dropdownOption[[EdgeDriver: MicrosoftEdge on windows (3b86003791064faf610d4c0453bd9e5a)] -> xpath: //select[@id='funcCode']]
Inside submit Click
Drop option and IDsiFreqTypeM
dropdownOptionProxy element for: DefaultElementLocator 'By.xpath: //select[@id='funcCode']'
Drop option and IDsiFreqStartDD17
dropdownOptionProxy element for: DefaultElementLocator 'By.xpath: //select[@id='funcCode']'
Drop option and IDsiFreqHldyStatP
dropdownOptionProxy element for: DefaultElementLocator 'By.xpath: //select[@id='funcCode']'
Drop option and IDexecTimeA
dropdownOptionProxy element for: DefaultElementLocator 'By.xpath: //select[@id='funcCode']'
unexpected alert open: {Alert text : The CIF ID [CB403] is invalid.}
  (Session info: MicrosoftEdge=134.0.3124.85): The CIF ID [CB403] is invalid.
Build info: version: '4.28.1', revision: '73f5ad48a2'
System info: os.name: 'Windows 11', os.arch: 'amd64', os.version: '10.0', java.version: '21.0.6'
Driver info: org.openqa.selenium.edge.EdgeDriver
Command: [3b86003791064faf610d4c0453bd9e5a, findElements {using=id, value=validateCrncyHoliday}]
Capabilities {acceptInsecureCerts: false, browserName: MicrosoftEdge, browserVersion: 134.0.3124.85, fedcm:accounts: true, ms:edgeOptions: {debuggerAddress: localhost:52671}, msedge: {msedgedriverVersion: 134.0.3124.85 (4b32110e83d3..., userDataDir: C:\Users\Sushanth\AppData\L...}, networkConnectionEnabled: false, pageLoadStrategy: normal, platformName: windows, proxy: Proxy(), se:cdp: ws://localhost:52671/devtoo..., se:cdpVersion: 134.0.3124.85, setWindowRect: true, strictFileInteractability: false, timeouts: {implicit: 0, pageLoad: 300000, script: 30000}, unhandledPromptBehavior: dismiss and notify, webauthn:extension:credBlob: true, webauthn:extension:largeBlob: true, webauthn:extension:minPinLength: true, webauthn:extension:prf: true, webauthn:virtualAuthenticators: true}
Session ID: 3b86003791064faf610d4c0453bd9e5a
]]></system-out>
  </testcase>
  <testcase name="runLoopTest[HSIM, [Ljava.lang.String;@5a02bfe3](3)" classname="core.testCases.TC002_HSIMHomePage" time="10.116">
    <system-out><![CDATA[Entered switchV
Verify Started
Session ID in HSIM: HSIM
FunctionalV
uname
no such element: Unable to locate element: {"method":"xpath","selector":"//input[@name='usertxt']"}
  (Session info: MicrosoftEdge=134.0.3124.85)
For documentation on this error, please visit: https://www.selenium.dev/documentation/webdriver/troubleshooting/errors#no-such-element-exception
Build info: version: '4.28.1', revision: '73f5ad48a2'
System info: os.name: 'Windows 11', os.arch: 'amd64', os.version: '10.0', java.version: '21.0.6'
Driver info: org.openqa.selenium.edge.EdgeDriver
Command: [3b86003791064faf610d4c0453bd9e5a, findElement {using=xpath, value=//input[@name='usertxt']}]
Capabilities {acceptInsecureCerts: false, browserName: MicrosoftEdge, browserVersion: 134.0.3124.85, fedcm:accounts: true, ms:edgeOptions: {debuggerAddress: localhost:52671}, msedge: {msedgedriverVersion: 134.0.3124.85 (4b32110e83d3..., userDataDir: C:\Users\Sushanth\AppData\L...}, networkConnectionEnabled: false, pageLoadStrategy: normal, platformName: windows, proxy: Proxy(), se:cdp: ws://localhost:52671/devtoo..., se:cdpVersion: 134.0.3124.85, setWindowRect: true, strictFileInteractability: false, timeouts: {implicit: 0, pageLoad: 300000, script: 30000}, unhandledPromptBehavior: dismiss and notify, webauthn:extension:credBlob: true, webauthn:extension:largeBlob: true, webauthn:extension:minPinLength: true, webauthn:extension:prf: true, webauthn:virtualAuthenticators: true}
Session ID: 3b86003791064faf610d4c0453bd9e5a
]]></system-out>
  </testcase>
  <testcase name="runLoopTest[HSIM, [Ljava.lang.String;@59b65dce](4)" classname="core.testCases.TC002_HSIMHomePage" time="0.962">
    <system-out><![CDATA[Entered switchM
Verify Started
Session ID in HSIM: HSIM
FunctionalM
uname
Unable to find element with locator By.xpath: //input[@name='usertxt']
For documentation on this error, please visit: https://www.selenium.dev/documentation/webdriver/troubleshooting/errors#no-such-element-exception
Build info: version: '4.28.1', revision: '73f5ad48a2'
System info: os.name: 'Windows 11', os.arch: 'amd64', os.version: '10.0', java.version: '21.0.6'
Driver info: driver.version: RemoteWebDriver
]]></system-out>
  </testcase>
</testsuite>